<?xml version="1.0" encoding="UTF-8"?>
<testsuite name="Academy Choucair" tests="1" skipped="0" failures="1" errors="0" timestamp="2021-07-16T21:09:02" hostname="DESKTOP-H2UPMQ6" time="25.443">
  <properties/>
  <testcase name="Search for a automation course" classname="Academy Choucair" time="25.443">
    <failure message="cucumber.runtime.CucumberException: Arity mismatch: Step Definition 'co.com.choucair.certification.jhonescudero.stepdefinitions.ChoucairAcademyStepDefinitions.heFindsTheCourseCalledResourcesFoundationExpress() in file:/C:/Users/Jhon%20Escudero/IdeaProjects/co.com.choucair.certification.jhonescudero/build/classes/java/test/' with pattern [^he finds the course called resources (.*)$] is declared with 0 parameters. However, the gherkin step has 1 arguments [Foundation Express]. &#10;Step text: he finds the course called resources Foundation Express" type="cucumber.runtime.CucumberException">cucumber.runtime.CucumberException: Arity mismatch: Step Definition 'co.com.choucair.certification.jhonescudero.stepdefinitions.ChoucairAcademyStepDefinitions.heFindsTheCourseCalledResourcesFoundationExpress() in file:/C:/Users/Jhon%20Escudero/IdeaProjects/co.com.choucair.certification.jhonescudero/build/classes/java/test/' with pattern [^he finds the course called resources (.*)$] is declared with 0 parameters. However, the gherkin step has 1 arguments [Foundation Express]. 
Step text: he finds the course called resources Foundation Express
	at cucumber.runtime.StepDefinitionMatch.arityMismatch(StepDefinitionMatch.java:111)
	at cucumber.runtime.StepDefinitionMatch.transformedArgs(StepDefinitionMatch.java:66)
	at cucumber.runtime.StepDefinitionMatch.runStep(StepDefinitionMatch.java:40)
	at cucumber.api.TestStep.executeStep(TestStep.java:102)
	at cucumber.api.TestStep.run(TestStep.java:83)
	at cucumber.api.TestCase.run(TestCase.java:58)
	at cucumber.runner.Runner.runPickle(Runner.java:80)
	at cucumber.runtime.junit.PickleRunners$NoStepDescriptions.run(PickleRunners.java:140)
	at cucumber.runtime.junit.FeatureRunner.runChild(FeatureRunner.java:68)
	at cucumber.runtime.junit.FeatureRunner.runChild(FeatureRunner.java:23)
	at org.junit.runners.ParentRunner$4.run(ParentRunner.java:331)
	at org.junit.runners.ParentRunner$1.schedule(ParentRunner.java:79)
	at org.junit.runners.ParentRunner.runChildren(ParentRunner.java:329)
	at org.junit.runners.ParentRunner.access$100(ParentRunner.java:66)
	at org.junit.runners.ParentRunner$2.evaluate(ParentRunner.java:293)
	at org.junit.runners.ParentRunner$3.evaluate(ParentRunner.java:306)
	at org.junit.runners.ParentRunner.run(ParentRunner.java:413)
	at cucumber.runtime.junit.FeatureRunner.run(FeatureRunner.java:73)
	at cucumber.api.junit.Cucumber.runChild(Cucumber.java:118)
	at cucumber.api.junit.Cucumber.runChild(Cucumber.java:56)
	at org.junit.runners.ParentRunner$4.run(ParentRunner.java:331)
	at org.junit.runners.ParentRunner$1.schedule(ParentRunner.java:79)
	at org.junit.runners.ParentRunner.runChildren(ParentRunner.java:329)
	at org.junit.runners.ParentRunner.access$100(ParentRunner.java:66)
	at org.junit.runners.ParentRunner$2.evaluate(ParentRunner.java:293)
	at cucumber.api.junit.Cucumber$1.evaluate(Cucumber.java:127)
	at org.junit.runners.ParentRunner$3.evaluate(ParentRunner.java:306)
	at org.junit.runners.ParentRunner.run(ParentRunner.java:413)
	at org.gradle.api.internal.tasks.testing.junit.JUnitTestClassExecutor.runTestClass(JUnitTestClassExecutor.java:110)
	at org.gradle.api.internal.tasks.testing.junit.JUnitTestClassExecutor.execute(JUnitTestClassExecutor.java:58)
	at org.gradle.api.internal.tasks.testing.junit.JUnitTestClassExecutor.execute(JUnitTestClassExecutor.java:38)
	at org.gradle.api.internal.tasks.testing.junit.AbstractJUnitTestClassProcessor.processTestClass(AbstractJUnitTestClassProcessor.java:62)
	at org.gradle.api.internal.tasks.testing.SuiteTestClassProcessor.processTestClass(SuiteTestClassProcessor.java:51)
	at sun.reflect.NativeMethodAccessorImpl.invoke0(Native Method)
	at sun.reflect.NativeMethodAccessorImpl.invoke(NativeMethodAccessorImpl.java:62)
	at sun.reflect.DelegatingMethodAccessorImpl.invoke(DelegatingMethodAccessorImpl.java:43)
	at java.lang.reflect.Method.invoke(Method.java:498)
	at org.gradle.internal.dispatch.ReflectionDispatch.dispatch(ReflectionDispatch.java:36)
	at org.gradle.internal.dispatch.ReflectionDispatch.dispatch(ReflectionDispatch.java:24)
	at org.gradle.internal.dispatch.ContextClassLoaderDispatch.dispatch(ContextClassLoaderDispatch.java:33)
	at org.gradle.internal.dispatch.ProxyDispatchAdapter$DispatchingInvocationHandler.invoke(ProxyDispatchAdapter.java:94)
	at com.sun.proxy.$Proxy2.processTestClass(Unknown Source)
	at org.gradle.api.internal.tasks.testing.worker.TestWorker.processTestClass(TestWorker.java:119)
	at sun.reflect.NativeMethodAccessorImpl.invoke0(Native Method)
	at sun.reflect.NativeMethodAccessorImpl.invoke(NativeMethodAccessorImpl.java:62)
	at sun.reflect.DelegatingMethodAccessorImpl.invoke(DelegatingMethodAccessorImpl.java:43)
	at java.lang.reflect.Method.invoke(Method.java:498)
	at org.gradle.internal.dispatch.ReflectionDispatch.dispatch(ReflectionDispatch.java:36)
	at org.gradle.internal.dispatch.ReflectionDispatch.dispatch(ReflectionDispatch.java:24)
	at org.gradle.internal.remote.internal.hub.MessageHubBackedObjectConnection$DispatchWrapper.dispatch(MessageHubBackedObjectConnection.java:182)
	at org.gradle.internal.remote.internal.hub.MessageHubBackedObjectConnection$DispatchWrapper.dispatch(MessageHubBackedObjectConnection.java:164)
	at org.gradle.internal.remote.internal.hub.MessageHub$Handler.run(MessageHub.java:414)
	at org.gradle.internal.concurrent.ExecutorPolicy$CatchAndRecordFailures.onExecute(ExecutorPolicy.java:64)
	at org.gradle.internal.concurrent.ManagedExecutorImpl$1.run(ManagedExecutorImpl.java:48)
	at java.util.concurrent.ThreadPoolExecutor.runWorker(ThreadPoolExecutor.java:1149)
	at java.util.concurrent.ThreadPoolExecutor$Worker.run(ThreadPoolExecutor.java:624)
	at org.gradle.internal.concurrent.ThreadFactoryImpl$ManagedThreadRunnable.run(ThreadFactoryImpl.java:56)
	at java.lang.Thread.run(Thread.java:748)
</failure>
  </testcase>
  <system-out><![CDATA[]]></system-out>
  <system-err><![CDATA[[Test worker] WARN net.thucydides.core.steps.BaseStepListener - stepStarted: net.thucydides.core.steps.ExecutedStepDescription@624133f8
[Test worker] WARN net.thucydides.core.steps.BaseStepListener - stepStarted: net.thucydides.core.steps.ExecutedStepDescription@70148abc
[Test worker] WARN net.thucydides.core.steps.BaseStepListener - stepStarted: net.thucydides.core.steps.ExecutedStepDescription@5a10885a
jul 16, 2021 4:09:03 PM org.openqa.selenium.remote.DesiredCapabilities chrome
INFORMACIÓN: Using `new ChromeOptions()` is preferred to `DesiredCapabilities.chrome()`
[Test worker] INFO net.serenitybdd.core.webdriver.driverproviders.ProvideNewDriver - Instantiating driver
[Test worker] INFO net.serenitybdd.core.webdriver.driverproviders.ProvideNewDriver - Driver capabilities: Capabilities {acceptInsecureCerts: false, browserName: chrome, chrome.switches: --start-maximized, goog:chromeOptions: {args: [--start-maximized], extensions: []}, loggingPrefs: org.openqa.selenium.logging..., platform: ANY, version: }
Starting ChromeDriver 91.0.4472.101 (af52a90bf87030dd1523486a1cd3ae25c5d76c9b-refs/branch-heads/4472@{#1462}) on port 28686
Only local connections are allowed.
Please see https://chromedriver.chromium.org/security-considerations for suggestions on keeping ChromeDriver safe.
ChromeDriver was started successfully.
jul 16, 2021 4:09:06 PM org.openqa.selenium.remote.ProtocolHandshake createSession
INFORMACIÓN: Detected dialect: W3C
[Test worker] WARN net.thucydides.core.steps.BaseStepListener - stepFinished: current outcome:Search for a automation course:Given than brandom wants to learn automation at the academy Choucair [Brandom open up [brandom opens the Choucair academy page]]
[Test worker] WARN net.thucydides.core.steps.BaseStepListener - stepFinished: current outcome:Search for a automation course:Given than brandom wants to learn automation at the academy Choucair [Brandom open up [brandom opens the Choucair academy page]]
[Test worker] WARN net.thucydides.core.steps.BaseStepListener - stepStarted: net.thucydides.core.steps.ExecutedStepDescription@57770acd
[Test worker] WARN net.thucydides.core.steps.BaseStepListener - stepStarted: net.thucydides.core.steps.ExecutedStepDescription@e9edb2b
[Test worker] WARN net.thucydides.core.steps.BaseStepListener - stepFinished: current outcome:Search for a automation course:Given than brandom wants to learn automation at the academy Choucair [Brandom open up [brandom opens the Choucair academy page], Brandom login [brandom clicks on button that shows us the form to login]]
[Test worker] WARN net.thucydides.core.steps.BaseStepListener - stepStarted: net.thucydides.core.steps.ExecutedStepDescription@3c711d63
[Test worker] WARN net.thucydides.core.steps.BaseStepListener - stepFinished: current outcome:Search for a automation course:Given than brandom wants to learn automation at the academy Choucair [Brandom open up [brandom opens the Choucair academy page], Brandom login [brandom clicks on button that shows us the form to login, brandom enters '1037948744' into Input Username]]
[Test worker] WARN net.thucydides.core.steps.BaseStepListener - stepStarted: net.thucydides.core.steps.ExecutedStepDescription@23e3b87e
[Test worker] WARN net.thucydides.core.steps.BaseStepListener - stepFinished: current outcome:Search for a automation course:Given than brandom wants to learn automation at the academy Choucair [Brandom open up [brandom opens the Choucair academy page], Brandom login [brandom clicks on button that shows us the form to login, brandom enters '1037948744' into Input Username, brandom enters 'Choucair2021*' into Input Password]]
[Test worker] WARN net.thucydides.core.steps.BaseStepListener - stepStarted: net.thucydides.core.steps.ExecutedStepDescription@34708c96
[Test worker] WARN net.thucydides.core.steps.BaseStepListener - stepFinished: current outcome:Search for a automation course:Given than brandom wants to learn automation at the academy Choucair [Brandom open up [brandom opens the Choucair academy page], Brandom login [brandom clicks on button that shows us the form to login, brandom enters '1037948744' into Input Username, brandom enters 'Choucair2021*' into Input Password, brandom clicks on button that shows us the form to login]]
[Test worker] WARN net.thucydides.core.steps.BaseStepListener - stepFinished: current outcome:Search for a automation course:Given than brandom wants to learn automation at the academy Choucair [Brandom open up [brandom opens the Choucair academy page], Brandom login [brandom clicks on button that shows us the form to login, brandom enters '1037948744' into Input Username, brandom enters 'Choucair2021*' into Input Password, brandom clicks on button that shows us the form to login]]
[Test worker] WARN net.thucydides.core.steps.BaseStepListener - stepFinished: current outcome:Search for a automation course:Given than brandom wants to learn automation at the academy Choucair [Brandom open up [brandom opens the Choucair academy page], Brandom login [brandom clicks on button that shows us the form to login, brandom enters '1037948744' into Input Username, brandom enters 'Choucair2021*' into Input Password, brandom clicks on button that shows us the form to login]]
[Test worker] WARN net.thucydides.core.steps.BaseStepListener - stepStarted: net.thucydides.core.steps.ExecutedStepDescription@32e7f2de
[Test worker] WARN net.thucydides.core.steps.BaseStepListener - stepStarted: net.thucydides.core.steps.ExecutedStepDescription@43ee3b14
[Test worker] WARN net.thucydides.core.steps.BaseStepListener - stepStarted: net.thucydides.core.steps.ExecutedStepDescription@476c3ef9
[Test worker] WARN net.thucydides.core.steps.BaseStepListener - stepFinished: current outcome:Search for a automation course:Given than brandom wants to learn automation at the academy Choucair [Brandom open up [brandom opens the Choucair academy page], Brandom login [brandom clicks on button that shows us the form to login, brandom enters '1037948744' into Input Username, brandom enters 'Choucair2021*' into Input Password, brandom clicks on button that shows us the form to login]], When he search for the course Foundation Express on the choucair academy platform [Brandom search [brandom clicks on Selecciona la universidad choucair]]
[Test worker] WARN net.thucydides.core.steps.BaseStepListener - stepStarted: net.thucydides.core.steps.ExecutedStepDescription@627e7975
[Test worker] WARN net.thucydides.core.steps.BaseStepListener - stepFinished: current outcome:Search for a automation course:Given than brandom wants to learn automation at the academy Choucair [Brandom open up [brandom opens the Choucair academy page], Brandom login [brandom clicks on button that shows us the form to login, brandom enters '1037948744' into Input Username, brandom enters 'Choucair2021*' into Input Password, brandom clicks on button that shows us the form to login]], When he search for the course Foundation Express on the choucair academy platform [Brandom search [brandom clicks on Selecciona la universidad choucair, brandom enters 'Foundation Express' into Selecciona la universidad choucair]]
[Test worker] WARN net.thucydides.core.steps.BaseStepListener - stepStarted: net.thucydides.core.steps.ExecutedStepDescription@7b56691f
[Test worker] WARN net.thucydides.core.steps.BaseStepListener - stepFinished: current outcome:Search for a automation course:Given than brandom wants to learn automation at the academy Choucair [Brandom open up [brandom opens the Choucair academy page], Brandom login [brandom clicks on button that shows us the form to login, brandom enters '1037948744' into Input Username, brandom enters 'Choucair2021*' into Input Password, brandom clicks on button that shows us the form to login]], When he search for the course Foundation Express on the choucair academy platform [Brandom search [brandom clicks on Selecciona la universidad choucair, brandom enters 'Foundation Express' into Selecciona la universidad choucair, brandom clicks on Selecciona la universidad choucair]]
[Test worker] WARN net.thucydides.core.steps.BaseStepListener - stepStarted: net.thucydides.core.steps.ExecutedStepDescription@5ae4722d
[Test worker] WARN net.thucydides.core.steps.BaseStepListener - stepFinished: current outcome:Search for a automation course:Given than brandom wants to learn automation at the academy Choucair [Brandom open up [brandom opens the Choucair academy page], Brandom login [brandom clicks on button that shows us the form to login, brandom enters '1037948744' into Input Username, brandom enters 'Choucair2021*' into Input Password, brandom clicks on button that shows us the form to login]], When he search for the course Foundation Express on the choucair academy platform [Brandom search [brandom clicks on Selecciona la universidad choucair, brandom enters 'Foundation Express' into Selecciona la universidad choucair, brandom clicks on Selecciona la universidad choucair, brandom clicks on Da click para buscar el curso]]
[Test worker] WARN net.thucydides.core.steps.BaseStepListener - stepFinished: current outcome:Search for a automation course:Given than brandom wants to learn automation at the academy Choucair [Brandom open up [brandom opens the Choucair academy page], Brandom login [brandom clicks on button that shows us the form to login, brandom enters '1037948744' into Input Username, brandom enters 'Choucair2021*' into Input Password, brandom clicks on button that shows us the form to login]], When he search for the course Foundation Express on the choucair academy platform [Brandom search [brandom clicks on Selecciona la universidad choucair, brandom enters 'Foundation Express' into Selecciona la universidad choucair, brandom clicks on Selecciona la universidad choucair, brandom clicks on Da click para buscar el curso]]
[Test worker] WARN net.thucydides.core.steps.BaseStepListener - stepFinished: current outcome:Search for a automation course:Given than brandom wants to learn automation at the academy Choucair [Brandom open up [brandom opens the Choucair academy page], Brandom login [brandom clicks on button that shows us the form to login, brandom enters '1037948744' into Input Username, brandom enters 'Choucair2021*' into Input Password, brandom clicks on button that shows us the form to login]], When he search for the course Foundation Express on the choucair academy platform [Brandom search [brandom clicks on Selecciona la universidad choucair, brandom enters 'Foundation Express' into Selecciona la universidad choucair, brandom clicks on Selecciona la universidad choucair, brandom clicks on Da click para buscar el curso]]
[Test worker] WARN net.thucydides.core.steps.BaseStepListener - stepStarted: net.thucydides.core.steps.ExecutedStepDescription@9bc9383
[Test worker] WARN net.thucydides.core.steps.BaseStepListener - testFinished: Search for a automation course:Given than brandom wants to learn automation at the academy Choucair [Brandom open up [brandom opens the Choucair academy page], Brandom login [brandom clicks on button that shows us the form to login, brandom enters '1037948744' into Input Username, brandom enters 'Choucair2021*' into Input Password, brandom clicks on button that shows us the form to login]], When he search for the course Foundation Express on the choucair academy platform [Brandom search [brandom clicks on Selecciona la universidad choucair, brandom enters 'Foundation Express' into Selecciona la universidad choucair, brandom clicks on Selecciona la universidad choucair, brandom clicks on Da click para buscar el curso]], Then he finds the course called resources Foundation Express
[Test worker] WARN net.thucydides.core.steps.BaseStepListener - TestOutcomes: [Search for a automation course:Given than brandom wants to learn automation at the academy Choucair [Brandom open up [brandom opens the Choucair academy page], Brandom login [brandom clicks on button that shows us the form to login, brandom enters '1037948744' into Input Username, brandom enters 'Choucair2021*' into Input Password, brandom clicks on button that shows us the form to login]], When he search for the course Foundation Express on the choucair academy platform [Brandom search [brandom clicks on Selecciona la universidad choucair, brandom enters 'Foundation Express' into Selecciona la universidad choucair, brandom clicks on Selecciona la universidad choucair, brandom clicks on Da click para buscar el curso]], Then he finds the course called resources Foundation Express]
[Test worker] WARN net.thucydides.core.steps.BaseStepListener - Final testOutcomes: [Search for a automation course:Given than brandom wants to learn automation at the academy Choucair [Brandom open up [brandom opens the Choucair academy page], Brandom login [brandom clicks on button that shows us the form to login, brandom enters '1037948744' into Input Username, brandom enters 'Choucair2021*' into Input Password, brandom clicks on button that shows us the form to login]], When he search for the course Foundation Express on the choucair academy platform [Brandom search [brandom clicks on Selecciona la universidad choucair, brandom enters 'Foundation Express' into Selecciona la universidad choucair, brandom clicks on Selecciona la universidad choucair, brandom clicks on Da click para buscar el curso]], Then he finds the course called resources Foundation Express]
[Test worker] ERROR net.thucydides.core.steps.ConsoleLoggingListener - 
           __  _____ _____ ____ _____   _____ _    ___ _     _____ ____  
  _       / / |_   _| ____/ ___|_   _| |  ___/ \  |_ _| |   | ____|  _ \ 
 (_)_____| |    | | |  _| \___ \ | |   | |_ / _ \  | || |   |  _| | | | |
  _|_____| |    | | | |___ ___) || |   |  _/ ___ \ | || |___| |___| |_| |
 (_)     | |    |_| |_____|____/ |_|   |_|/_/   \_\___|_____|_____|____/ 
          \_\                                                            

TEST FAILED WITH ERROR: Search for a automation course
---------------------------------------------------------------------
[Test worker] ERROR net.thucydides.core.steps.ConsoleLoggingListener - TEST FAILED AT STEP Then he finds the course called resources Foundation Express
[Test worker] ERROR net.thucydides.core.steps.ConsoleLoggingListener - Arity mismatch: Step Definition 'co.com.choucair.certification.jhonescudero.stepdefinitions.ChoucairAcademyStepDefinitions.heFindsTheCourseCalledResourcesFoundationExpress() in file:/C:/Users/Jhon%20Escudero/IdeaProjects/co.com.choucair.certification.jhonescudero/build/classes/java/test/' with pattern [^he finds the course called resources (.*)$] is declared with 0 parameters. However, the gherkin step has 1 arguments [Foundation Express]. 
]]></system-err>
</testsuite>
